This file contains any messages produced by compilers while
running configure, to aid debugging if configure makes a mistake.

It was created by marisa configure 0.2.4, which was
generated by GNU Autoconf 2.68.  Invocation command line was

  $ ./configure 

## --------- ##
## Platform. ##
## --------- ##

hostname = Macintosh.local
uname -m = x86_64
uname -r = 13.0.0
uname -s = Darwin
uname -v = Darwin Kernel Version 13.0.0: Thu Sep 19 22:22:27 PDT 2013; root:xnu-2422.1.72~6/RELEASE_X86_64

/usr/bin/uname -p = i386
/bin/uname -X     = unknown

/bin/arch              = unknown
/usr/bin/arch -k       = unknown
/usr/convex/getsysinfo = unknown
/usr/bin/hostinfo      = Mach kernel version:
	 Darwin Kernel Version 13.0.0: Thu Sep 19 22:22:27 PDT 2013; root:xnu-2422.1.72~6/RELEASE_X86_64
Kernel configured for up to 8 processors.
4 processors are physically available.
8 processors are logically available.
Processor type: i486 (Intel 80486)
Processors active: 0 1 2 3 4 5 6 7
Primary memory available: 16.00 gigabytes
Default processor set: 186 tasks, 1053 threads, 8 processors
Load average: 1.72, Mach factor: 6.55
/bin/machine           = unknown
/usr/bin/oslevel       = unknown
/bin/universe          = unknown

PATH: /Users/duane/anaconda/bin
PATH: /usr/local/bin
PATH: /usr/local/sbin
PATH: /Users/duane/bin
PATH: /Users/duane/.rbenv/shims
PATH: /usr/bin
PATH: /bin
PATH: /usr/sbin
PATH: /sbin
PATH: /usr/local/bin
PATH: /opt/X11/bin
PATH: /Users/duane/.rbenv/bin


## ----------- ##
## Core tests. ##
## ----------- ##

configure:2284: checking for a BSD-compatible install
configure:2352: result: /usr/local/bin/ginstall -c
configure:2363: checking whether build environment is sane
configure:2413: result: yes
configure:2554: checking for a thread-safe mkdir -p
configure:2593: result: /usr/local/bin/gmkdir -p
configure:2606: checking for gawk
configure:2622: found /usr/local/bin/gawk
configure:2633: result: gawk
configure:2644: checking whether make sets $(MAKE)
configure:2670: result: no
configure:2777: checking build system type
configure:2791: result: i386-apple-darwin13.0.0
configure:2811: checking host system type
configure:2824: result: i386-apple-darwin13.0.0
configure:2865: checking how to print strings
configure:2892: result: printf
configure:2925: checking for style of include used by make
configure:2953: result: none
configure:3024: checking for gcc
configure:3040: found /usr/bin/gcc
configure:3051: result: gcc
configure:3280: checking for C compiler version
configure:3289: gcc --version >&5
xcrun: error: active developer path ("/Applications/Xcode.app/Contents/Developer") does not exist, use xcode-select to change
configure:3300: $? = 1
configure:3289: gcc -v >&5
xcrun: error: active developer path ("/Applications/Xcode.app/Contents/Developer") does not exist, use xcode-select to change
configure:3300: $? = 1
configure:3289: gcc -V >&5
xcrun: error: active developer path ("/Applications/Xcode.app/Contents/Developer") does not exist, use xcode-select to change
configure:3300: $? = 1
configure:3289: gcc -qversion >&5
xcrun: error: active developer path ("/Applications/Xcode.app/Contents/Developer") does not exist, use xcode-select to change
configure:3300: $? = 1
configure:3320: checking whether the C compiler works
configure:3342: gcc    conftest.c  >&5
xcrun: error: active developer path ("/Applications/Xcode.app/Contents/Developer") does not exist, use xcode-select to change
configure:3346: $? = 1
configure:3384: result: no
configure: failed program was:
| /* confdefs.h */
| #define PACKAGE_NAME "marisa"
| #define PACKAGE_TARNAME "marisa"
| #define PACKAGE_VERSION "0.2.4"
| #define PACKAGE_STRING "marisa 0.2.4"
| #define PACKAGE_BUGREPORT "syata@acm.org"
| #define PACKAGE_URL ""
| #define PACKAGE "marisa"
| #define VERSION "0.2.4"
| /* end confdefs.h.  */
| 
| int
| main ()
| {
| 
|   ;
|   return 0;
| }
configure:3389: error: in `/Users/duane/Projects/compare-texts/marisa-0.2.4':
configure:3391: error: C compiler cannot create executables
See `config.log' for more details

## ---------------- ##
## Cache variables. ##
## ---------------- ##

ac_cv_build=i386-apple-darwin13.0.0
ac_cv_env_CCC_set=
ac_cv_env_CCC_value=
ac_cv_env_CC_set=
ac_cv_env_CC_value=
ac_cv_env_CFLAGS_set=
ac_cv_env_CFLAGS_value=
ac_cv_env_CPPFLAGS_set=
ac_cv_env_CPPFLAGS_value=
ac_cv_env_CPP_set=
ac_cv_env_CPP_value=
ac_cv_env_CXXCPP_set=
ac_cv_env_CXXCPP_value=
ac_cv_env_CXXFLAGS_set=
ac_cv_env_CXXFLAGS_value=
ac_cv_env_CXX_set=
ac_cv_env_CXX_value=
ac_cv_env_LDFLAGS_set=
ac_cv_env_LDFLAGS_value=
ac_cv_env_LIBS_set=
ac_cv_env_LIBS_value=
ac_cv_env_build_alias_set=
ac_cv_env_build_alias_value=
ac_cv_env_host_alias_set=
ac_cv_env_host_alias_value=
ac_cv_env_target_alias_set=
ac_cv_env_target_alias_value=
ac_cv_host=i386-apple-darwin13.0.0
ac_cv_path_install='/usr/local/bin/ginstall -c'
ac_cv_path_mkdir=/usr/local/bin/gmkdir
ac_cv_prog_AWK=gawk
ac_cv_prog_ac_ct_CC=gcc
ac_cv_prog_make_make_set=no

## ----------------- ##
## Output variables. ##
## ----------------- ##

ACLOCAL='${SHELL} /Users/duane/Projects/compare-texts/marisa-0.2.4/missing --run aclocal-1.11'
AMDEPBACKSLASH='\'
AMDEP_FALSE='#'
AMDEP_TRUE=''
AMTAR='$${TAR-tar}'
AR=''
AUTOCONF='${SHELL} /Users/duane/Projects/compare-texts/marisa-0.2.4/missing --run autoconf'
AUTOHEADER='${SHELL} /Users/duane/Projects/compare-texts/marisa-0.2.4/missing --run autoheader'
AUTOMAKE='${SHELL} /Users/duane/Projects/compare-texts/marisa-0.2.4/missing --run automake-1.11'
AWK='gawk'
CC='gcc'
CCDEPMODE=''
CFLAGS=''
CPP=''
CPPFLAGS=''
CXX=''
CXXCPP=''
CXXDEPMODE=''
CXXFLAGS=''
CYGPATH_W='echo'
DEFS=''
DEPDIR='.deps'
DLLTOOL=''
DSYMUTIL=''
DUMPBIN=''
ECHO_C='\c'
ECHO_N=''
ECHO_T=''
EGREP=''
EXEEXT=''
FGREP=''
GREP=''
INSTALL_DATA='${INSTALL} -m 644'
INSTALL_PROGRAM='${INSTALL}'
INSTALL_SCRIPT='${INSTALL}'
INSTALL_STRIP_PROGRAM='$(install_sh) -c -s'
LD=''
LDFLAGS=''
LIBOBJS=''
LIBS=''
LIBTOOL=''
LIPO=''
LN_S=''
LTLIBOBJS=''
MAKEINFO='${SHELL} /Users/duane/Projects/compare-texts/marisa-0.2.4/missing --run makeinfo'
MANIFEST_TOOL=''
MKDIR_P='/usr/local/bin/gmkdir -p'
NM=''
NMEDIT=''
OBJDUMP=''
OBJEXT=''
OTOOL64=''
OTOOL=''
PACKAGE='marisa'
PACKAGE_BUGREPORT='syata@acm.org'
PACKAGE_NAME='marisa'
PACKAGE_STRING='marisa 0.2.4'
PACKAGE_TARNAME='marisa'
PACKAGE_URL=''
PACKAGE_VERSION='0.2.4'
PATH_SEPARATOR=':'
RANLIB=''
SED=''
SET_MAKE='MAKE=make'
SHELL='/bin/sh'
STRIP=''
VERSION='0.2.4'
ac_ct_AR=''
ac_ct_CC='gcc'
ac_ct_CXX=''
ac_ct_DUMPBIN=''
am__EXEEXT_FALSE=''
am__EXEEXT_TRUE=''
am__fastdepCC_FALSE=''
am__fastdepCC_TRUE=''
am__fastdepCXX_FALSE=''
am__fastdepCXX_TRUE=''
am__include='#'
am__isrc=''
am__leading_dot='.'
am__nodep='_no'
am__quote=''
am__tar='$${TAR-tar} chof - "$$tardir"'
am__untar='$${TAR-tar} xf -'
bindir='${exec_prefix}/bin'
build='i386-apple-darwin13.0.0'
build_alias=''
build_cpu='i386'
build_os='darwin13.0.0'
build_vendor='apple'
datadir='${datarootdir}'
datarootdir='${prefix}/share'
docdir='${datarootdir}/doc/${PACKAGE_TARNAME}'
dvidir='${docdir}'
exec_prefix='NONE'
host='i386-apple-darwin13.0.0'
host_alias=''
host_cpu='i386'
host_os='darwin13.0.0'
host_vendor='apple'
htmldir='${docdir}'
includedir='${prefix}/include'
infodir='${datarootdir}/info'
install_sh='${SHELL} /Users/duane/Projects/compare-texts/marisa-0.2.4/install-sh'
libdir='${exec_prefix}/lib'
libexecdir='${exec_prefix}/libexec'
localedir='${datarootdir}/locale'
localstatedir='${prefix}/var'
mandir='${datarootdir}/man'
mkdir_p='/usr/local/bin/gmkdir -p'
oldincludedir='/usr/include'
pdfdir='${docdir}'
prefix='NONE'
program_transform_name='s,x,x,'
psdir='${docdir}'
sbindir='${exec_prefix}/sbin'
sharedstatedir='${prefix}/com'
sysconfdir='${prefix}/etc'
target_alias=''

## ----------- ##
## confdefs.h. ##
## ----------- ##

/* confdefs.h */
#define PACKAGE_NAME "marisa"
#define PACKAGE_TARNAME "marisa"
#define PACKAGE_VERSION "0.2.4"
#define PACKAGE_STRING "marisa 0.2.4"
#define PACKAGE_BUGREPORT "syata@acm.org"
#define PACKAGE_URL ""
#define PACKAGE "marisa"
#define VERSION "0.2.4"

configure: exit 77
